<!DOCTYPE html PUBLIC "-//W3C//DTD XHTML 1.1//EN" "http://www.w3.org/TR/xhtml11/DTD/xhtml11.dtd">
<html xmlns="http://www.w3.org/1999/xhtml"><head><title>TestNG Report</title><style type="text/css">table {margin-bottom:10px;border-collapse:collapse;empty-cells:show}th,td {border:1px solid #009;padding:.25em .5em}th {vertical-align:bottom}td {vertical-align:top}table a {font-weight:bold}.stripe td {background-color: #E6EBF9}.num {text-align:right}.passedodd td {background-color: #3F3}.passedeven td {background-color: #0A0}.skippedodd td {background-color: #DDD}.skippedeven td {background-color: #CCC}.failedodd td,.attn {background-color: #F33}.failedeven td,.stripe .attn {background-color: #D00}.stacktrace {white-space:pre;font-family:monospace}.totop {font-size:85%;text-align:center;border-bottom:2px solid #000}</style></head><body><table><tr><th>Test</th><th># Passed</th><th># Skipped</th><th># Failed</th><th>Time (ms)</th><th>Included Groups</th><th>Excluded Groups</th></tr><tr><th colspan="7">TestMultipleBrowserSuiteName</th></tr><tr><td><a href="#t0">IETest</a></td><td class="num">0</td><td class="num attn">2</td><td class="num attn">1</td><td class="num">9,471</td><td></td><td></td></tr><tr class="stripe"><td><a href="#t1">FirefoxTest</a></td><td class="num">0</td><td class="num attn">3</td><td class="num">0</td><td class="num">46,569</td><td></td><td></td></tr><tr><td><a href="#t2">ChromeTest</a></td><td class="num">3</td><td class="num">0</td><td class="num">0</td><td class="num">70,132</td><td></td><td></td></tr><tr><th>Total</th><th class="num">3</th><th class="num attn">5</th><th class="num attn">1</th><th class="num">126,172</th><th colspan="2"></th></tr></table><table><thead><tr><th>Class</th><th>Method</th><th>Start</th><th>Time (ms)</th></tr></thead><tbody><tr><th colspan="4">TestMultipleBrowserSuiteName</th></tr></tbody><tbody id="t0"><tr><th colspan="4">IETest &#8212; failed (configuration methods)</th></tr><tr class="failedeven"><td rowspan="1">demo.selenium.TestDataDrivenByCSVFile</td><td><a href="#m0">afterMethod</a></td><td rowspan="1">1457000773164</td><td rowspan="1">0</td></tr><tr><th colspan="4">IETest &#8212; failed</th></tr><tr class="failedeven"><td rowspan="1">demo.selenium.TestDataDrivenByCSVFile</td><td><a href="#m1">testLogin</a></td><td rowspan="1">1457000767910</td><td rowspan="1">5242</td></tr><tr><th colspan="4">IETest &#8212; skipped (configuration methods)</th></tr><tr class="skippedeven"><td rowspan="4">demo.selenium.TestDataDrivenByCSVFile</td><td><a href="#m2">afterMethod</a></td><td rowspan="2">1457000773180</td><td rowspan="2">0</td></tr><tr class="skippedeven"><td><a href="#m3">afterMethod</a></td></tr><tr class="skippedeven"><td><a href="#m4">beforeMethod</a></td><td rowspan="2">1457000773176</td><td rowspan="2">0</td></tr><tr class="skippedeven"><td><a href="#m5">beforeMethod</a></td></tr><tr><th colspan="4">IETest &#8212; skipped</th></tr><tr class="skippedeven"><td rowspan="2">demo.selenium.TestDataDrivenByCSVFile</td><td><a href="#m6">testLogin</a></td><td rowspan="2">1457000773183</td><td rowspan="2">1</td></tr><tr class="skippedeven"><td><a href="#m7">testLogin</a></td></tr></tbody><tbody id="t1"><tr><th colspan="4">FirefoxTest &#8212; failed (configuration methods)</th></tr><tr class="failedeven"><td rowspan="1">demo.selenium.TestDataDrivenByCSVFile</td><td><a href="#m8">beforeMethod</a></td><td rowspan="1">1457000763745</td><td rowspan="1">0</td></tr><tr><th colspan="4">FirefoxTest &#8212; skipped (configuration methods)</th></tr><tr class="skippedeven"><td rowspan="5">demo.selenium.TestDataDrivenByCSVFile</td><td><a href="#m9">afterMethod</a></td><td rowspan="3">1457000810286</td><td rowspan="3">0</td></tr><tr class="skippedeven"><td><a href="#m10">afterMethod</a></td></tr><tr class="skippedeven"><td><a href="#m11">afterMethod</a></td></tr><tr class="skippedeven"><td><a href="#m12">beforeMethod</a></td><td rowspan="2">1457000810278</td><td rowspan="2">0</td></tr><tr class="skippedeven"><td><a href="#m13">beforeMethod</a></td></tr><tr><th colspan="4">FirefoxTest &#8212; skipped</th></tr><tr class="skippedeven"><td rowspan="3">demo.selenium.TestDataDrivenByCSVFile</td><td><a href="#m14">testLogin</a></td><td rowspan="3">1457000810246</td><td rowspan="3">7</td></tr><tr class="skippedeven"><td><a href="#m15">testLogin</a></td></tr><tr class="skippedeven"><td><a href="#m16">testLogin</a></td></tr></tbody><tbody id="t2"><tr><th colspan="4">ChromeTest &#8212; passed</th></tr><tr class="passedeven"><td rowspan="3">demo.selenium.TestDataDrivenByCSVFile</td><td><a href="#m17">testLogin</a></td><td rowspan="3">1457000811900</td><td rowspan="3">20632</td></tr><tr class="passedeven"><td><a href="#m18">testLogin</a></td></tr><tr class="passedeven"><td><a href="#m19">testLogin</a></td></tr></tbody></table><h2>IETest</h2><h3 id="m0">demo.selenium.TestDataDrivenByCSVFile#afterMethod</h3><table class="result"><tr><th>Exception</th></tr><tr><td><div class="stacktrace">org.openqa.selenium.NoSuchWindowException: Unable to get browser (WARNING: The server did not provide any stacktrace information)
Command duration or timeout: 8 milliseconds
Build info: version: &apos;2.49.0&apos;, revision: &apos;365eeb4&apos;, time: &apos;2016-01-13 18:33:29&apos;
System info: host: &apos;Num30-PC&apos;, ip: &apos;10.13.2.139&apos;, os.name: &apos;Windows 7&apos;, os.arch: &apos;amd64&apos;, os.version: &apos;6.1&apos;, java.version: &apos;1.8.0_31&apos;
Driver info: org.openqa.selenium.ie.InternetExplorerDriver
Capabilities [{browserAttachTimeout=0, enablePersistentHover=true, ie.forceCreateProcessApi=false, pageLoadStrategy=normal, ie.usePerProcessProxy=false, ignoreZoomSetting=false, handlesAlerts=true, version=11, platform=WINDOWS, nativeEvents=true, ie.ensureCleanSession=false, elementScrollBehavior=0, ie.browserCommandLineSwitches=, requireWindowFocus=false, browserName=internet explorer, initialBrowserUrl=http://localhost:12775/, takesScreenshot=true, javascriptEnabled=true, ignoreProtectedModeSettings=false, enableElementCacheCleanup=true, cssSelectorsEnabled=true, unexpectedAlertBehaviour=dismiss}]
Session ID: 6f031d96-d4d9-424b-ace0-892162a4dbeb
	at org.openqa.selenium.remote.ErrorHandler.createThrowable(ErrorHandler.java:206)
	at org.openqa.selenium.remote.ErrorHandler.throwIfResponseFailed(ErrorHandler.java:158)
	at org.openqa.selenium.remote.RemoteWebDriver.execute(RemoteWebDriver.java:678)
	at org.openqa.selenium.remote.RemoteWebDriver.execute(RemoteWebDriver.java:701)
	at org.openqa.selenium.remote.RemoteWebDriver.close(RemoteWebDriver.java:521)
	at demo.selenium.TestDataDrivenByCSVFile.afterMethod(TestDataDrivenByCSVFile.java:107)
	at java.util.concurrent.FutureTask.run(Unknown Source)
	at java.util.concurrent.ThreadPoolExecutor.runWorker(Unknown Source)
	at java.util.concurrent.ThreadPoolExecutor$Worker.run(Unknown Source)
	at java.lang.Thread.run(Unknown Source)
... Removed 22 stack frames</div></td></tr></table><p class="totop"><a href="#summary">back to summary</a></p><h3 id="m1">demo.selenium.TestDataDrivenByCSVFile#testLogin</h3><table class="result"><tr class="param"><th>Parameter #1</th><th>Parameter #2</th><th>Parameter #3</th></tr><tr class="param stripe"><td>u1@testb.dom</td><td>p</td><td>Welcome u1</td></tr><tr><th colspan="3">Exception</th></tr><tr><td colspan="3"><div class="stacktrace">org.openqa.selenium.NoSuchWindowException: Unable to find element on closed window (WARNING: The server did not provide any stacktrace information)
Command duration or timeout: 16 milliseconds
Build info: version: &apos;2.49.0&apos;, revision: &apos;365eeb4&apos;, time: &apos;2016-01-13 18:33:29&apos;
System info: host: &apos;Num30-PC&apos;, ip: &apos;10.13.2.139&apos;, os.name: &apos;Windows 7&apos;, os.arch: &apos;amd64&apos;, os.version: &apos;6.1&apos;, java.version: &apos;1.8.0_31&apos;
Driver info: org.openqa.selenium.ie.InternetExplorerDriver
Capabilities [{browserAttachTimeout=0, enablePersistentHover=true, ie.forceCreateProcessApi=false, pageLoadStrategy=normal, ie.usePerProcessProxy=false, ignoreZoomSetting=false, handlesAlerts=true, version=11, platform=WINDOWS, nativeEvents=true, ie.ensureCleanSession=false, elementScrollBehavior=0, ie.browserCommandLineSwitches=, requireWindowFocus=false, browserName=internet explorer, initialBrowserUrl=http://localhost:12775/, takesScreenshot=true, javascriptEnabled=true, ignoreProtectedModeSettings=false, enableElementCacheCleanup=true, cssSelectorsEnabled=true, unexpectedAlertBehaviour=dismiss}]
Session ID: 6f031d96-d4d9-424b-ace0-892162a4dbeb
*** Element info: {Using=xpath, value=//*[@id=&apos;textfield-1018-inputEl&apos;]}
	at org.openqa.selenium.remote.ErrorHandler.createThrowable(ErrorHandler.java:206)
	at org.openqa.selenium.remote.ErrorHandler.throwIfResponseFailed(ErrorHandler.java:158)
	at org.openqa.selenium.remote.RemoteWebDriver.execute(RemoteWebDriver.java:678)
	at org.openqa.selenium.remote.RemoteWebDriver.findElement(RemoteWebDriver.java:363)
	at org.openqa.selenium.remote.RemoteWebDriver.findElementByXPath(RemoteWebDriver.java:500)
	at org.openqa.selenium.By$ByXPath.findElement(By.java:361)
	at org.openqa.selenium.remote.RemoteWebDriver.findElement(RemoteWebDriver.java:355)
	at demo.selenium.TestDataDrivenByCSVFile.testLogin(TestDataDrivenByCSVFile.java:53)
	at java.util.concurrent.FutureTask.run(Unknown Source)
	at java.util.concurrent.ThreadPoolExecutor.runWorker(Unknown Source)
	at java.util.concurrent.ThreadPoolExecutor$Worker.run(Unknown Source)
	at java.lang.Thread.run(Unknown Source)
... Removed 20 stack frames</div></td></tr></table><p class="totop"><a href="#summary">back to summary</a></p><h3 id="m2">demo.selenium.TestDataDrivenByCSVFile#afterMethod</h3><table class="result"></table><p class="totop"><a href="#summary">back to summary</a></p><h3 id="m3">demo.selenium.TestDataDrivenByCSVFile#afterMethod</h3><table class="result"></table><p class="totop"><a href="#summary">back to summary</a></p><h3 id="m4">demo.selenium.TestDataDrivenByCSVFile#beforeMethod</h3><table class="result"></table><p class="totop"><a href="#summary">back to summary</a></p><h3 id="m5">demo.selenium.TestDataDrivenByCSVFile#beforeMethod</h3><table class="result"></table><p class="totop"><a href="#summary">back to summary</a></p><h3 id="m6">demo.selenium.TestDataDrivenByCSVFile#testLogin</h3><table class="result"><tr class="param"><th>Parameter #1</th><th>Parameter #2</th><th>Parameter #3</th></tr><tr class="param stripe"><td>u3@testb.dom</td><td>p</td><td>Welcome u3</td></tr></table><p class="totop"><a href="#summary">back to summary</a></p><h3 id="m7">demo.selenium.TestDataDrivenByCSVFile#testLogin</h3><table class="result"><tr class="param"><th>Parameter #1</th><th>Parameter #2</th><th>Parameter #3</th></tr><tr class="param stripe"><td>u2@testb.dom</td><td>p</td><td>Welcome u2</td></tr></table><p class="totop"><a href="#summary">back to summary</a></p><h2>FirefoxTest</h2><h3 id="m8">demo.selenium.TestDataDrivenByCSVFile#beforeMethod</h3><table class="result"><tr class="param"><th>Parameter #1</th></tr><tr class="param stripe"><td>firefox</td></tr><tr><th>Exception</th></tr><tr><td><div class="stacktrace">org.openqa.selenium.WebDriverException: Unable to bind to locking port 7054 within 45000 ms
Build info: version: &apos;2.49.0&apos;, revision: &apos;365eeb4&apos;, time: &apos;2016-01-13 18:33:29&apos;
System info: host: &apos;Num30-PC&apos;, ip: &apos;10.13.2.139&apos;, os.name: &apos;Windows 7&apos;, os.arch: &apos;amd64&apos;, os.version: &apos;6.1&apos;, java.version: &apos;1.8.0_31&apos;
Driver info: driver.version: FirefoxDriver
	at org.openqa.selenium.internal.SocketLock.lock(SocketLock.java:99)
	at org.openqa.selenium.firefox.internal.NewProfileExtensionConnection.start(NewProfileExtensionConnection.java:90)
	at org.openqa.selenium.firefox.FirefoxDriver.startClient(FirefoxDriver.java:271)
	at org.openqa.selenium.remote.RemoteWebDriver.&lt;init&gt;(RemoteWebDriver.java:119)
	at org.openqa.selenium.firefox.FirefoxDriver.&lt;init&gt;(FirefoxDriver.java:218)
	at org.openqa.selenium.firefox.FirefoxDriver.&lt;init&gt;(FirefoxDriver.java:211)
	at org.openqa.selenium.firefox.FirefoxDriver.&lt;init&gt;(FirefoxDriver.java:207)
	at org.openqa.selenium.firefox.FirefoxDriver.&lt;init&gt;(FirefoxDriver.java:120)
	at demo.selenium.TestDataDrivenByCSVFile.beforeMethod(TestDataDrivenByCSVFile.java:87)
	at java.util.concurrent.FutureTask.run(Unknown Source)
	at java.util.concurrent.ThreadPoolExecutor.runWorker(Unknown Source)
	at java.util.concurrent.ThreadPoolExecutor$Worker.run(Unknown Source)
	at java.lang.Thread.run(Unknown Source)
... Removed 18 stack frames</div></td></tr></table><p class="totop"><a href="#summary">back to summary</a></p><h3 id="m9">demo.selenium.TestDataDrivenByCSVFile#afterMethod</h3><table class="result"></table><p class="totop"><a href="#summary">back to summary</a></p><h3 id="m10">demo.selenium.TestDataDrivenByCSVFile#afterMethod</h3><table class="result"></table><p class="totop"><a href="#summary">back to summary</a></p><h3 id="m11">demo.selenium.TestDataDrivenByCSVFile#afterMethod</h3><table class="result"></table><p class="totop"><a href="#summary">back to summary</a></p><h3 id="m12">demo.selenium.TestDataDrivenByCSVFile#beforeMethod</h3><table class="result"></table><p class="totop"><a href="#summary">back to summary</a></p><h3 id="m13">demo.selenium.TestDataDrivenByCSVFile#beforeMethod</h3><table class="result"></table><p class="totop"><a href="#summary">back to summary</a></p><h3 id="m14">demo.selenium.TestDataDrivenByCSVFile#testLogin</h3><table class="result"><tr class="param"><th>Parameter #1</th><th>Parameter #2</th><th>Parameter #3</th></tr><tr class="param stripe"><td>u1@testb.dom</td><td>p</td><td>Welcome u1</td></tr></table><p class="totop"><a href="#summary">back to summary</a></p><h3 id="m15">demo.selenium.TestDataDrivenByCSVFile#testLogin</h3><table class="result"><tr class="param"><th>Parameter #1</th><th>Parameter #2</th><th>Parameter #3</th></tr><tr class="param stripe"><td>u2@testb.dom</td><td>p</td><td>Welcome u2</td></tr></table><p class="totop"><a href="#summary">back to summary</a></p><h3 id="m16">demo.selenium.TestDataDrivenByCSVFile#testLogin</h3><table class="result"><tr class="param"><th>Parameter #1</th><th>Parameter #2</th><th>Parameter #3</th></tr><tr class="param stripe"><td>u3@testb.dom</td><td>p</td><td>Welcome u3</td></tr></table><p class="totop"><a href="#summary">back to summary</a></p><h2>ChromeTest</h2><h3 id="m17">demo.selenium.TestDataDrivenByCSVFile#testLogin</h3><table class="result"><tr class="param"><th>Parameter #1</th><th>Parameter #2</th><th>Parameter #3</th></tr><tr class="param stripe"><td>u3@testb.dom</td><td>p</td><td>Welcome u3</td></tr></table><p class="totop"><a href="#summary">back to summary</a></p><h3 id="m18">demo.selenium.TestDataDrivenByCSVFile#testLogin</h3><table class="result"><tr class="param"><th>Parameter #1</th><th>Parameter #2</th><th>Parameter #3</th></tr><tr class="param stripe"><td>u1@testb.dom</td><td>p</td><td>Welcome u1</td></tr></table><p class="totop"><a href="#summary">back to summary</a></p><h3 id="m19">demo.selenium.TestDataDrivenByCSVFile#testLogin</h3><table class="result"><tr class="param"><th>Parameter #1</th><th>Parameter #2</th><th>Parameter #3</th></tr><tr class="param stripe"><td>u2@testb.dom</td><td>p</td><td>Welcome u2</td></tr></table><p class="totop"><a href="#summary">back to summary</a></p></body></html>