<?xml version="1.0" encoding="UTF-8"?>
<testng-results skipped="5" failed="1" total="9" passed="3">
  <reporter-output>
  </reporter-output>
  <suite name="TestMultipleBrowserSuiteName" duration-ms="70133" started-at="2016-03-03T10:26:03Z" finished-at="2016-03-03T10:27:13Z">
    <groups>
    </groups>
    <test name="IETest" duration-ms="9471" started-at="2016-03-03T10:26:03Z" finished-at="2016-03-03T10:26:13Z">
      <class name="demo.selenium.TestDataDrivenByCSVFile">
        <test-method status="PASS" signature="beforeMethod(java.lang.String)[pri:0, instance:demo.selenium.TestDataDrivenByCSVFile@6442b0a6]" name="beforeMethod" is-config="true" duration-ms="4165" started-at="2016-03-03T18:26:03Z" finished-at="2016-03-03T18:26:07Z">
          <params>
            <param index="0">
              <value>
                <![CDATA[ie]]>
              </value>
            </param>
          </params>
          <reporter-output>
          </reporter-output>
        </test-method> <!-- beforeMethod -->
        <test-method status="FAIL" signature="testLogin(java.lang.String, java.lang.String, java.lang.String)[pri:0, instance:demo.selenium.TestDataDrivenByCSVFile@6442b0a6]" name="testLogin" duration-ms="5242" started-at="2016-03-03T18:26:07Z" data-provider="testdata" finished-at="2016-03-03T18:26:13Z">
          <params>
            <param index="0">
              <value>
                <![CDATA[u1@testb.dom]]>
              </value>
            </param>
            <param index="1">
              <value>
                <![CDATA[p]]>
              </value>
            </param>
            <param index="2">
              <value>
                <![CDATA[Welcome u1]]>
              </value>
            </param>
          </params>
          <exception class="org.openqa.selenium.NoSuchWindowException">
            <message>
              <![CDATA[Unable to find element on closed window (WARNING: The server did not provide any stacktrace information)
Command duration or timeout: 16 milliseconds
Build info: version: '2.49.0', revision: '365eeb4', time: '2016-01-13 18:33:29'
System info: host: 'Num30-PC', ip: '10.13.2.139', os.name: 'Windows 7', os.arch: 'amd64', os.version: '6.1', java.version: '1.8.0_31'
Driver info: org.openqa.selenium.ie.InternetExplorerDriver
Capabilities [{browserAttachTimeout=0, enablePersistentHover=true, ie.forceCreateProcessApi=false, pageLoadStrategy=normal, ie.usePerProcessProxy=false, ignoreZoomSetting=false, handlesAlerts=true, version=11, platform=WINDOWS, nativeEvents=true, ie.ensureCleanSession=false, elementScrollBehavior=0, ie.browserCommandLineSwitches=, requireWindowFocus=false, browserName=internet explorer, initialBrowserUrl=http://localhost:12775/, takesScreenshot=true, javascriptEnabled=true, ignoreProtectedModeSettings=false, enableElementCacheCleanup=true, cssSelectorsEnabled=true, unexpectedAlertBehaviour=dismiss}]
Session ID: 6f031d96-d4d9-424b-ace0-892162a4dbeb
*** Element info: {Using=xpath, value=//*[@id='textfield-1018-inputEl']}]]>
            </message>
            <full-stacktrace>
              <![CDATA[org.openqa.selenium.NoSuchWindowException: Unable to find element on closed window (WARNING: The server did not provide any stacktrace information)
Command duration or timeout: 16 milliseconds
Build info: version: '2.49.0', revision: '365eeb4', time: '2016-01-13 18:33:29'
System info: host: 'Num30-PC', ip: '10.13.2.139', os.name: 'Windows 7', os.arch: 'amd64', os.version: '6.1', java.version: '1.8.0_31'
Driver info: org.openqa.selenium.ie.InternetExplorerDriver
Capabilities [{browserAttachTimeout=0, enablePersistentHover=true, ie.forceCreateProcessApi=false, pageLoadStrategy=normal, ie.usePerProcessProxy=false, ignoreZoomSetting=false, handlesAlerts=true, version=11, platform=WINDOWS, nativeEvents=true, ie.ensureCleanSession=false, elementScrollBehavior=0, ie.browserCommandLineSwitches=, requireWindowFocus=false, browserName=internet explorer, initialBrowserUrl=http://localhost:12775/, takesScreenshot=true, javascriptEnabled=true, ignoreProtectedModeSettings=false, enableElementCacheCleanup=true, cssSelectorsEnabled=true, unexpectedAlertBehaviour=dismiss}]
Session ID: 6f031d96-d4d9-424b-ace0-892162a4dbeb
*** Element info: {Using=xpath, value=//*[@id='textfield-1018-inputEl']}
	at sun.reflect.NativeConstructorAccessorImpl.newInstance0(Native Method)
	at sun.reflect.NativeConstructorAccessorImpl.newInstance(Unknown Source)
	at sun.reflect.DelegatingConstructorAccessorImpl.newInstance(Unknown Source)
	at java.lang.reflect.Constructor.newInstance(Unknown Source)
	at org.openqa.selenium.remote.ErrorHandler.createThrowable(ErrorHandler.java:206)
	at org.openqa.selenium.remote.ErrorHandler.throwIfResponseFailed(ErrorHandler.java:158)
	at org.openqa.selenium.remote.RemoteWebDriver.execute(RemoteWebDriver.java:678)
	at org.openqa.selenium.remote.RemoteWebDriver.findElement(RemoteWebDriver.java:363)
	at org.openqa.selenium.remote.RemoteWebDriver.findElementByXPath(RemoteWebDriver.java:500)
	at org.openqa.selenium.By$ByXPath.findElement(By.java:361)
	at org.openqa.selenium.remote.RemoteWebDriver.findElement(RemoteWebDriver.java:355)
	at demo.selenium.TestDataDrivenByCSVFile.testLogin(TestDataDrivenByCSVFile.java:53)
	at sun.reflect.NativeMethodAccessorImpl.invoke0(Native Method)
	at sun.reflect.NativeMethodAccessorImpl.invoke(Unknown Source)
	at sun.reflect.DelegatingMethodAccessorImpl.invoke(Unknown Source)
	at java.lang.reflect.Method.invoke(Unknown Source)
	at org.testng.internal.MethodInvocationHelper.invokeMethod(MethodInvocationHelper.java:85)
	at org.testng.internal.Invoker.invokeMethod(Invoker.java:639)
	at org.testng.internal.Invoker.invokeTestMethod(Invoker.java:816)
	at org.testng.internal.Invoker.invokeTestMethods(Invoker.java:1124)
	at org.testng.internal.TestMethodWorker.invokeTestMethods(TestMethodWorker.java:125)
	at org.testng.internal.TestMethodWorker.run(TestMethodWorker.java:108)
	at org.testng.TestRunner.privateRun(TestRunner.java:774)
	at org.testng.TestRunner.run(TestRunner.java:624)
	at org.testng.SuiteRunner.runTest(SuiteRunner.java:359)
	at org.testng.SuiteRunner.access$000(SuiteRunner.java:39)
	at org.testng.SuiteRunner$SuiteWorker.run(SuiteRunner.java:393)
	at org.testng.internal.thread.ThreadUtil$2.call(ThreadUtil.java:64)
	at java.util.concurrent.FutureTask.run(Unknown Source)
	at java.util.concurrent.ThreadPoolExecutor.runWorker(Unknown Source)
	at java.util.concurrent.ThreadPoolExecutor$Worker.run(Unknown Source)
	at java.lang.Thread.run(Unknown Source)
]]>
            </full-stacktrace>
          </exception> <!-- org.openqa.selenium.NoSuchWindowException -->
          <reporter-output>
          </reporter-output>
        </test-method> <!-- testLogin -->
        <test-method status="FAIL" signature="afterMethod()[pri:0, instance:demo.selenium.TestDataDrivenByCSVFile@6442b0a6]" name="afterMethod" is-config="true" duration-ms="0" started-at="2016-03-03T18:26:13Z" finished-at="2016-03-03T18:26:13Z">
          <exception class="org.openqa.selenium.NoSuchWindowException">
            <message>
              <![CDATA[Unable to get browser (WARNING: The server did not provide any stacktrace information)
Command duration or timeout: 8 milliseconds
Build info: version: '2.49.0', revision: '365eeb4', time: '2016-01-13 18:33:29'
System info: host: 'Num30-PC', ip: '10.13.2.139', os.name: 'Windows 7', os.arch: 'amd64', os.version: '6.1', java.version: '1.8.0_31'
Driver info: org.openqa.selenium.ie.InternetExplorerDriver
Capabilities [{browserAttachTimeout=0, enablePersistentHover=true, ie.forceCreateProcessApi=false, pageLoadStrategy=normal, ie.usePerProcessProxy=false, ignoreZoomSetting=false, handlesAlerts=true, version=11, platform=WINDOWS, nativeEvents=true, ie.ensureCleanSession=false, elementScrollBehavior=0, ie.browserCommandLineSwitches=, requireWindowFocus=false, browserName=internet explorer, initialBrowserUrl=http://localhost:12775/, takesScreenshot=true, javascriptEnabled=true, ignoreProtectedModeSettings=false, enableElementCacheCleanup=true, cssSelectorsEnabled=true, unexpectedAlertBehaviour=dismiss}]
Session ID: 6f031d96-d4d9-424b-ace0-892162a4dbeb]]>
            </message>
            <full-stacktrace>
              <![CDATA[org.openqa.selenium.NoSuchWindowException: Unable to get browser (WARNING: The server did not provide any stacktrace information)
Command duration or timeout: 8 milliseconds
Build info: version: '2.49.0', revision: '365eeb4', time: '2016-01-13 18:33:29'
System info: host: 'Num30-PC', ip: '10.13.2.139', os.name: 'Windows 7', os.arch: 'amd64', os.version: '6.1', java.version: '1.8.0_31'
Driver info: org.openqa.selenium.ie.InternetExplorerDriver
Capabilities [{browserAttachTimeout=0, enablePersistentHover=true, ie.forceCreateProcessApi=false, pageLoadStrategy=normal, ie.usePerProcessProxy=false, ignoreZoomSetting=false, handlesAlerts=true, version=11, platform=WINDOWS, nativeEvents=true, ie.ensureCleanSession=false, elementScrollBehavior=0, ie.browserCommandLineSwitches=, requireWindowFocus=false, browserName=internet explorer, initialBrowserUrl=http://localhost:12775/, takesScreenshot=true, javascriptEnabled=true, ignoreProtectedModeSettings=false, enableElementCacheCleanup=true, cssSelectorsEnabled=true, unexpectedAlertBehaviour=dismiss}]
Session ID: 6f031d96-d4d9-424b-ace0-892162a4dbeb
	at sun.reflect.NativeConstructorAccessorImpl.newInstance0(Native Method)
	at sun.reflect.NativeConstructorAccessorImpl.newInstance(Unknown Source)
	at sun.reflect.DelegatingConstructorAccessorImpl.newInstance(Unknown Source)
	at java.lang.reflect.Constructor.newInstance(Unknown Source)
	at org.openqa.selenium.remote.ErrorHandler.createThrowable(ErrorHandler.java:206)
	at org.openqa.selenium.remote.ErrorHandler.throwIfResponseFailed(ErrorHandler.java:158)
	at org.openqa.selenium.remote.RemoteWebDriver.execute(RemoteWebDriver.java:678)
	at org.openqa.selenium.remote.RemoteWebDriver.execute(RemoteWebDriver.java:701)
	at org.openqa.selenium.remote.RemoteWebDriver.close(RemoteWebDriver.java:521)
	at demo.selenium.TestDataDrivenByCSVFile.afterMethod(TestDataDrivenByCSVFile.java:107)
	at sun.reflect.NativeMethodAccessorImpl.invoke0(Native Method)
	at sun.reflect.NativeMethodAccessorImpl.invoke(Unknown Source)
	at sun.reflect.DelegatingMethodAccessorImpl.invoke(Unknown Source)
	at java.lang.reflect.Method.invoke(Unknown Source)
	at org.testng.internal.MethodInvocationHelper.invokeMethod(MethodInvocationHelper.java:85)
	at org.testng.internal.Invoker.invokeConfigurationMethod(Invoker.java:510)
	at org.testng.internal.Invoker.invokeConfigurations(Invoker.java:211)
	at org.testng.internal.Invoker.invokeMethod(Invoker.java:703)
	at org.testng.internal.Invoker.invokeTestMethod(Invoker.java:816)
	at org.testng.internal.Invoker.invokeTestMethods(Invoker.java:1124)
	at org.testng.internal.TestMethodWorker.invokeTestMethods(TestMethodWorker.java:125)
	at org.testng.internal.TestMethodWorker.run(TestMethodWorker.java:108)
	at org.testng.TestRunner.privateRun(TestRunner.java:774)
	at org.testng.TestRunner.run(TestRunner.java:624)
	at org.testng.SuiteRunner.runTest(SuiteRunner.java:359)
	at org.testng.SuiteRunner.access$000(SuiteRunner.java:39)
	at org.testng.SuiteRunner$SuiteWorker.run(SuiteRunner.java:393)
	at org.testng.internal.thread.ThreadUtil$2.call(ThreadUtil.java:64)
	at java.util.concurrent.FutureTask.run(Unknown Source)
	at java.util.concurrent.ThreadPoolExecutor.runWorker(Unknown Source)
	at java.util.concurrent.ThreadPoolExecutor$Worker.run(Unknown Source)
	at java.lang.Thread.run(Unknown Source)
]]>
            </full-stacktrace>
          </exception> <!-- org.openqa.selenium.NoSuchWindowException -->
          <reporter-output>
          </reporter-output>
        </test-method> <!-- afterMethod -->
        <test-method status="SKIP" signature="beforeMethod(java.lang.String)[pri:0, instance:demo.selenium.TestDataDrivenByCSVFile@6442b0a6]" name="beforeMethod" is-config="true" duration-ms="0" started-at="2016-03-03T18:26:13Z" finished-at="2016-03-03T18:26:13Z">
          <reporter-output>
          </reporter-output>
        </test-method> <!-- beforeMethod -->
        <test-method status="SKIP" signature="testLogin(java.lang.String, java.lang.String, java.lang.String)[pri:0, instance:demo.selenium.TestDataDrivenByCSVFile@6442b0a6]" name="testLogin" duration-ms="1" started-at="2016-03-03T18:26:13Z" data-provider="testdata" finished-at="2016-03-03T18:26:13Z">
          <params>
            <param index="0">
              <value>
                <![CDATA[u2@testb.dom]]>
              </value>
            </param>
            <param index="1">
              <value>
                <![CDATA[p]]>
              </value>
            </param>
            <param index="2">
              <value>
                <![CDATA[Welcome u2]]>
              </value>
            </param>
          </params>
          <reporter-output>
          </reporter-output>
        </test-method> <!-- testLogin -->
        <test-method status="SKIP" signature="afterMethod()[pri:0, instance:demo.selenium.TestDataDrivenByCSVFile@6442b0a6]" name="afterMethod" is-config="true" duration-ms="0" started-at="2016-03-03T18:26:13Z" finished-at="2016-03-03T18:26:13Z">
          <reporter-output>
          </reporter-output>
        </test-method> <!-- afterMethod -->
        <test-method status="SKIP" signature="beforeMethod(java.lang.String)[pri:0, instance:demo.selenium.TestDataDrivenByCSVFile@6442b0a6]" name="beforeMethod" is-config="true" duration-ms="0" started-at="2016-03-03T18:26:13Z" finished-at="2016-03-03T18:26:13Z">
          <reporter-output>
          </reporter-output>
        </test-method> <!-- beforeMethod -->
        <test-method status="SKIP" signature="testLogin(java.lang.String, java.lang.String, java.lang.String)[pri:0, instance:demo.selenium.TestDataDrivenByCSVFile@6442b0a6]" name="testLogin" duration-ms="1" started-at="2016-03-03T18:26:13Z" data-provider="testdata" finished-at="2016-03-03T18:26:13Z">
          <params>
            <param index="0">
              <value>
                <![CDATA[u3@testb.dom]]>
              </value>
            </param>
            <param index="1">
              <value>
                <![CDATA[p]]>
              </value>
            </param>
            <param index="2">
              <value>
                <![CDATA[Welcome u3]]>
              </value>
            </param>
          </params>
          <reporter-output>
          </reporter-output>
        </test-method> <!-- testLogin -->
        <test-method status="SKIP" signature="afterMethod()[pri:0, instance:demo.selenium.TestDataDrivenByCSVFile@6442b0a6]" name="afterMethod" is-config="true" duration-ms="0" started-at="2016-03-03T18:26:13Z" finished-at="2016-03-03T18:26:13Z">
          <reporter-output>
          </reporter-output>
        </test-method> <!-- afterMethod -->
      </class> <!-- demo.selenium.TestDataDrivenByCSVFile -->
    </test> <!-- IETest -->
    <test name="FirefoxTest" duration-ms="46569" started-at="2016-03-03T10:26:03Z" finished-at="2016-03-03T10:26:50Z">
      <class name="demo.selenium.TestDataDrivenByCSVFile">
        <test-method status="FAIL" signature="beforeMethod(java.lang.String)[pri:0, instance:demo.selenium.TestDataDrivenByCSVFile@1e643faf]" name="beforeMethod" is-config="true" duration-ms="0" started-at="2016-03-03T18:26:03Z" finished-at="2016-03-03T18:26:03Z">
          <params>
            <param index="0">
              <value>
                <![CDATA[firefox]]>
              </value>
            </param>
          </params>
          <exception class="org.openqa.selenium.WebDriverException">
            <message>
              <![CDATA[Unable to bind to locking port 7054 within 45000 ms
Build info: version: '2.49.0', revision: '365eeb4', time: '2016-01-13 18:33:29'
System info: host: 'Num30-PC', ip: '10.13.2.139', os.name: 'Windows 7', os.arch: 'amd64', os.version: '6.1', java.version: '1.8.0_31'
Driver info: driver.version: FirefoxDriver]]>
            </message>
            <full-stacktrace>
              <![CDATA[org.openqa.selenium.WebDriverException: Unable to bind to locking port 7054 within 45000 ms
Build info: version: '2.49.0', revision: '365eeb4', time: '2016-01-13 18:33:29'
System info: host: 'Num30-PC', ip: '10.13.2.139', os.name: 'Windows 7', os.arch: 'amd64', os.version: '6.1', java.version: '1.8.0_31'
Driver info: driver.version: FirefoxDriver
	at org.openqa.selenium.internal.SocketLock.lock(SocketLock.java:99)
	at org.openqa.selenium.firefox.internal.NewProfileExtensionConnection.start(NewProfileExtensionConnection.java:90)
	at org.openqa.selenium.firefox.FirefoxDriver.startClient(FirefoxDriver.java:271)
	at org.openqa.selenium.remote.RemoteWebDriver.<init>(RemoteWebDriver.java:119)
	at org.openqa.selenium.firefox.FirefoxDriver.<init>(FirefoxDriver.java:218)
	at org.openqa.selenium.firefox.FirefoxDriver.<init>(FirefoxDriver.java:211)
	at org.openqa.selenium.firefox.FirefoxDriver.<init>(FirefoxDriver.java:207)
	at org.openqa.selenium.firefox.FirefoxDriver.<init>(FirefoxDriver.java:120)
	at demo.selenium.TestDataDrivenByCSVFile.beforeMethod(TestDataDrivenByCSVFile.java:87)
	at sun.reflect.NativeMethodAccessorImpl.invoke0(Native Method)
	at sun.reflect.NativeMethodAccessorImpl.invoke(Unknown Source)
	at sun.reflect.DelegatingMethodAccessorImpl.invoke(Unknown Source)
	at java.lang.reflect.Method.invoke(Unknown Source)
	at org.testng.internal.MethodInvocationHelper.invokeMethod(MethodInvocationHelper.java:85)
	at org.testng.internal.Invoker.invokeConfigurationMethod(Invoker.java:510)
	at org.testng.internal.Invoker.invokeConfigurations(Invoker.java:211)
	at org.testng.internal.Invoker.invokeMethod(Invoker.java:585)
	at org.testng.internal.Invoker.invokeTestMethod(Invoker.java:816)
	at org.testng.internal.Invoker.invokeTestMethods(Invoker.java:1124)
	at org.testng.internal.TestMethodWorker.invokeTestMethods(TestMethodWorker.java:125)
	at org.testng.internal.TestMethodWorker.run(TestMethodWorker.java:108)
	at org.testng.TestRunner.privateRun(TestRunner.java:774)
	at org.testng.TestRunner.run(TestRunner.java:624)
	at org.testng.SuiteRunner.runTest(SuiteRunner.java:359)
	at org.testng.SuiteRunner.access$000(SuiteRunner.java:39)
	at org.testng.SuiteRunner$SuiteWorker.run(SuiteRunner.java:393)
	at org.testng.internal.thread.ThreadUtil$2.call(ThreadUtil.java:64)
	at java.util.concurrent.FutureTask.run(Unknown Source)
	at java.util.concurrent.ThreadPoolExecutor.runWorker(Unknown Source)
	at java.util.concurrent.ThreadPoolExecutor$Worker.run(Unknown Source)
	at java.lang.Thread.run(Unknown Source)
]]>
            </full-stacktrace>
          </exception> <!-- org.openqa.selenium.WebDriverException -->
          <reporter-output>
          </reporter-output>
        </test-method> <!-- beforeMethod -->
        <test-method status="SKIP" signature="testLogin(java.lang.String, java.lang.String, java.lang.String)[pri:0, instance:demo.selenium.TestDataDrivenByCSVFile@1e643faf]" name="testLogin" duration-ms="7" started-at="2016-03-03T18:26:50Z" data-provider="testdata" finished-at="2016-03-03T18:26:50Z">
          <params>
            <param index="0">
              <value>
                <![CDATA[u1@testb.dom]]>
              </value>
            </param>
            <param index="1">
              <value>
                <![CDATA[p]]>
              </value>
            </param>
            <param index="2">
              <value>
                <![CDATA[Welcome u1]]>
              </value>
            </param>
          </params>
          <reporter-output>
          </reporter-output>
        </test-method> <!-- testLogin -->
        <test-method status="SKIP" signature="afterMethod()[pri:0, instance:demo.selenium.TestDataDrivenByCSVFile@1e643faf]" name="afterMethod" is-config="true" duration-ms="0" started-at="2016-03-03T18:26:50Z" finished-at="2016-03-03T18:26:50Z">
          <reporter-output>
          </reporter-output>
        </test-method> <!-- afterMethod -->
        <test-method status="SKIP" signature="beforeMethod(java.lang.String)[pri:0, instance:demo.selenium.TestDataDrivenByCSVFile@1e643faf]" name="beforeMethod" is-config="true" duration-ms="0" started-at="2016-03-03T18:26:50Z" finished-at="2016-03-03T18:26:50Z">
          <reporter-output>
          </reporter-output>
        </test-method> <!-- beforeMethod -->
        <test-method status="SKIP" signature="testLogin(java.lang.String, java.lang.String, java.lang.String)[pri:0, instance:demo.selenium.TestDataDrivenByCSVFile@1e643faf]" name="testLogin" duration-ms="3" started-at="2016-03-03T18:26:50Z" data-provider="testdata" finished-at="2016-03-03T18:26:50Z">
          <params>
            <param index="0">
              <value>
                <![CDATA[u2@testb.dom]]>
              </value>
            </param>
            <param index="1">
              <value>
                <![CDATA[p]]>
              </value>
            </param>
            <param index="2">
              <value>
                <![CDATA[Welcome u2]]>
              </value>
            </param>
          </params>
          <reporter-output>
          </reporter-output>
        </test-method> <!-- testLogin -->
        <test-method status="SKIP" signature="afterMethod()[pri:0, instance:demo.selenium.TestDataDrivenByCSVFile@1e643faf]" name="afterMethod" is-config="true" duration-ms="0" started-at="2016-03-03T18:26:50Z" finished-at="2016-03-03T18:26:50Z">
          <reporter-output>
          </reporter-output>
        </test-method> <!-- afterMethod -->
        <test-method status="SKIP" signature="beforeMethod(java.lang.String)[pri:0, instance:demo.selenium.TestDataDrivenByCSVFile@1e643faf]" name="beforeMethod" is-config="true" duration-ms="0" started-at="2016-03-03T18:26:50Z" finished-at="2016-03-03T18:26:50Z">
          <reporter-output>
          </reporter-output>
        </test-method> <!-- beforeMethod -->
        <test-method status="SKIP" signature="testLogin(java.lang.String, java.lang.String, java.lang.String)[pri:0, instance:demo.selenium.TestDataDrivenByCSVFile@1e643faf]" name="testLogin" duration-ms="2" started-at="2016-03-03T18:26:50Z" data-provider="testdata" finished-at="2016-03-03T18:26:50Z">
          <params>
            <param index="0">
              <value>
                <![CDATA[u3@testb.dom]]>
              </value>
            </param>
            <param index="1">
              <value>
                <![CDATA[p]]>
              </value>
            </param>
            <param index="2">
              <value>
                <![CDATA[Welcome u3]]>
              </value>
            </param>
          </params>
          <reporter-output>
          </reporter-output>
        </test-method> <!-- testLogin -->
        <test-method status="SKIP" signature="afterMethod()[pri:0, instance:demo.selenium.TestDataDrivenByCSVFile@1e643faf]" name="afterMethod" is-config="true" duration-ms="0" started-at="2016-03-03T18:26:50Z" finished-at="2016-03-03T18:26:50Z">
          <reporter-output>
          </reporter-output>
        </test-method> <!-- afterMethod -->
      </class> <!-- demo.selenium.TestDataDrivenByCSVFile -->
    </test> <!-- FirefoxTest -->
    <test name="ChromeTest" duration-ms="70132" started-at="2016-03-03T10:26:03Z" finished-at="2016-03-03T10:27:13Z">
      <class name="demo.selenium.TestDataDrivenByCSVFile">
        <test-method status="PASS" signature="beforeMethod(java.lang.String)[pri:0, instance:demo.selenium.TestDataDrivenByCSVFile@6108b2d7]" name="beforeMethod" is-config="true" duration-ms="2075" started-at="2016-03-03T18:26:03Z" finished-at="2016-03-03T18:26:05Z">
          <params>
            <param index="0">
              <value>
                <![CDATA[chrome]]>
              </value>
            </param>
          </params>
          <reporter-output>
          </reporter-output>
        </test-method> <!-- beforeMethod -->
        <test-method status="PASS" signature="testLogin(java.lang.String, java.lang.String, java.lang.String)[pri:0, instance:demo.selenium.TestDataDrivenByCSVFile@6108b2d7]" name="testLogin" duration-ms="20961" started-at="2016-03-03T18:26:05Z" data-provider="testdata" finished-at="2016-03-03T18:26:26Z">
          <params>
            <param index="0">
              <value>
                <![CDATA[u1@testb.dom]]>
              </value>
            </param>
            <param index="1">
              <value>
                <![CDATA[p]]>
              </value>
            </param>
            <param index="2">
              <value>
                <![CDATA[Welcome u1]]>
              </value>
            </param>
          </params>
          <reporter-output>
          </reporter-output>
        </test-method> <!-- testLogin -->
        <test-method status="PASS" signature="afterMethod()[pri:0, instance:demo.selenium.TestDataDrivenByCSVFile@6108b2d7]" name="afterMethod" is-config="true" duration-ms="1317" started-at="2016-03-03T18:26:26Z" finished-at="2016-03-03T18:26:28Z">
          <reporter-output>
          </reporter-output>
        </test-method> <!-- afterMethod -->
        <test-method status="PASS" signature="beforeMethod(java.lang.String)[pri:0, instance:demo.selenium.TestDataDrivenByCSVFile@6108b2d7]" name="beforeMethod" is-config="true" duration-ms="1452" started-at="2016-03-03T18:26:28Z" finished-at="2016-03-03T18:26:29Z">
          <params>
            <param index="0">
              <value>
                <![CDATA[chrome]]>
              </value>
            </param>
          </params>
          <reporter-output>
          </reporter-output>
        </test-method> <!-- beforeMethod -->
        <test-method status="PASS" signature="testLogin(java.lang.String, java.lang.String, java.lang.String)[pri:0, instance:demo.selenium.TestDataDrivenByCSVFile@6108b2d7]" name="testLogin" duration-ms="20030" started-at="2016-03-03T18:26:29Z" data-provider="testdata" finished-at="2016-03-03T18:26:49Z">
          <params>
            <param index="0">
              <value>
                <![CDATA[u2@testb.dom]]>
              </value>
            </param>
            <param index="1">
              <value>
                <![CDATA[p]]>
              </value>
            </param>
            <param index="2">
              <value>
                <![CDATA[Welcome u2]]>
              </value>
            </param>
          </params>
          <reporter-output>
          </reporter-output>
        </test-method> <!-- testLogin -->
        <test-method status="PASS" signature="afterMethod()[pri:0, instance:demo.selenium.TestDataDrivenByCSVFile@6108b2d7]" name="afterMethod" is-config="true" duration-ms="1315" started-at="2016-03-03T18:26:49Z" finished-at="2016-03-03T18:26:50Z">
          <reporter-output>
          </reporter-output>
        </test-method> <!-- afterMethod -->
        <test-method status="PASS" signature="beforeMethod(java.lang.String)[pri:0, instance:demo.selenium.TestDataDrivenByCSVFile@6108b2d7]" name="beforeMethod" is-config="true" duration-ms="1003" started-at="2016-03-03T18:26:50Z" finished-at="2016-03-03T18:26:51Z">
          <params>
            <param index="0">
              <value>
                <![CDATA[chrome]]>
              </value>
            </param>
          </params>
          <reporter-output>
          </reporter-output>
        </test-method> <!-- beforeMethod -->
        <test-method status="PASS" signature="testLogin(java.lang.String, java.lang.String, java.lang.String)[pri:0, instance:demo.selenium.TestDataDrivenByCSVFile@6108b2d7]" name="testLogin" duration-ms="20632" started-at="2016-03-03T18:26:51Z" data-provider="testdata" finished-at="2016-03-03T18:27:12Z">
          <params>
            <param index="0">
              <value>
                <![CDATA[u3@testb.dom]]>
              </value>
            </param>
            <param index="1">
              <value>
                <![CDATA[p]]>
              </value>
            </param>
            <param index="2">
              <value>
                <![CDATA[Welcome u3]]>
              </value>
            </param>
          </params>
          <reporter-output>
          </reporter-output>
        </test-method> <!-- testLogin -->
        <test-method status="PASS" signature="afterMethod()[pri:0, instance:demo.selenium.TestDataDrivenByCSVFile@6108b2d7]" name="afterMethod" is-config="true" duration-ms="1317" started-at="2016-03-03T18:27:12Z" finished-at="2016-03-03T18:27:13Z">
          <reporter-output>
          </reporter-output>
        </test-method> <!-- afterMethod -->
      </class> <!-- demo.selenium.TestDataDrivenByCSVFile -->
    </test> <!-- ChromeTest -->
  </suite> <!-- TestMultipleBrowserSuiteName -->
</testng-results>
